Arguments: 
  /home/benjamin/.asdf/installs/nodejs/6.11.3/bin/node /home/benjamin/.asdf/installs/nodejs/6.11.3/.npm/bin/yarn publish

PATH: 
  /var/lib/snapd/snap/bin:/home/benjamin/bin:/home/benjamin/scripts:/home/benjamin/.asdf/bin:/home/benjamin/.asdf/shims:/usr/local/sbin:/usr/local/bin:/usr/bin:/opt/android-sdk/platform-tools:/opt/android-sdk/tools:/opt/android-sdk/tools/bin:/var/lib/snapd/snap/bin:/usr/lib/jvm/default/bin:/usr/bin/site_perl:/usr/bin/vendor_perl:/usr/bin/core_perl

Yarn version: 
  1.2.1

Node version: 
  6.11.3

Platform: 
  linux x64

npm manifest: 
  {
    "name": "lambda",
    "version": "1.0.0",
    "main": "index.js",
    "license": "MIT",
    "scripts": {
      "publish": "MYFUNCTION=smartReactionTimer ./bin/publish.sh"
    },
    "dependencies": {
      "dynamodb-doc": "^1.0.0",
      "uuid": "^3.1.0"
    }
  }

yarn manifest: 
  No manifest

Lockfile: 
  # THIS IS AN AUTOGENERATED FILE. DO NOT EDIT THIS FILE DIRECTLY.
  # yarn lockfile v1
  
  
  aws-sdk@^2.0.19:
    version "2.162.0"
    resolved "https://registry.yarnpkg.com/aws-sdk/-/aws-sdk-2.162.0.tgz#1b16215fc9b599ba7cd2cfe7ce050c7f934381a6"
    dependencies:
      buffer "4.9.1"
      crypto-browserify "1.0.9"
      events "^1.1.1"
      jmespath "0.15.0"
      querystring "0.2.0"
      sax "1.2.1"
      url "0.10.3"
      uuid "3.1.0"
      xml2js "0.4.17"
      xmlbuilder "4.2.1"
  
  base64-js@^1.0.2:
    version "1.2.1"
    resolved "https://registry.yarnpkg.com/base64-js/-/base64-js-1.2.1.tgz#a91947da1f4a516ea38e5b4ec0ec3773675e0886"
  
  buffer@4.9.1:
    version "4.9.1"
    resolved "https://registry.yarnpkg.com/buffer/-/buffer-4.9.1.tgz#6d1bb601b07a4efced97094132093027c95bc298"
    dependencies:
      base64-js "^1.0.2"
      ieee754 "^1.1.4"
      isarray "^1.0.0"
  
  crypto-browserify@1.0.9:
    version "1.0.9"
    resolved "https://registry.yarnpkg.com/crypto-browserify/-/crypto-browserify-1.0.9.tgz#cc5449685dfb85eb11c9828acc7cb87ab5bbfcc0"
  
  dynamodb-doc@^1.0.0:
    version "1.0.0"
    resolved "https://registry.yarnpkg.com/dynamodb-doc/-/dynamodb-doc-1.0.0.tgz#82ed287df748d870b5d022331c795559443b8f1d"
    dependencies:
      aws-sdk "^2.0.19"
  
  events@^1.1.1:
    version "1.1.1"
    resolved "https://registry.yarnpkg.com/events/-/events-1.1.1.tgz#9ebdb7635ad099c70dcc4c2a1f5004288e8bd924"
  
  ieee754@^1.1.4:
    version "1.1.8"
    resolved "https://registry.yarnpkg.com/ieee754/-/ieee754-1.1.8.tgz#be33d40ac10ef1926701f6f08a2d86fbfd1ad3e4"
  
  isarray@^1.0.0:
    version "1.0.0"
    resolved "https://registry.yarnpkg.com/isarray/-/isarray-1.0.0.tgz#bb935d48582cba168c06834957a54a3e07124f11"
  
  jmespath@0.15.0:
    version "0.15.0"
    resolved "https://registry.yarnpkg.com/jmespath/-/jmespath-0.15.0.tgz#a3f222a9aae9f966f5d27c796510e28091764217"
  
  lodash@^4.0.0:
    version "4.17.4"
    resolved "https://registry.yarnpkg.com/lodash/-/lodash-4.17.4.tgz#78203a4d1c328ae1d86dca6460e369b57f4055ae"
  
  punycode@1.3.2:
    version "1.3.2"
    resolved "https://registry.yarnpkg.com/punycode/-/punycode-1.3.2.tgz#9653a036fb7c1ee42342f2325cceefea3926c48d"
  
  querystring@0.2.0:
    version "0.2.0"
    resolved "https://registry.yarnpkg.com/querystring/-/querystring-0.2.0.tgz#b209849203bb25df820da756e747005878521620"
  
  sax@1.2.1:
    version "1.2.1"
    resolved "https://registry.yarnpkg.com/sax/-/sax-1.2.1.tgz#7b8e656190b228e81a66aea748480d828cd2d37a"
  
  sax@>=0.6.0:
    version "1.2.4"
    resolved "https://registry.yarnpkg.com/sax/-/sax-1.2.4.tgz#2816234e2378bddc4e5354fab5caa895df7100d9"
  
  url@0.10.3:
    version "0.10.3"
    resolved "https://registry.yarnpkg.com/url/-/url-0.10.3.tgz#021e4d9c7705f21bbf37d03ceb58767402774c64"
    dependencies:
      punycode "1.3.2"
      querystring "0.2.0"
  
  uuid@3.1.0, uuid@^3.1.0:
    version "3.1.0"
    resolved "https://registry.yarnpkg.com/uuid/-/uuid-3.1.0.tgz#3dd3d3e790abc24d7b0d3a034ffababe28ebbc04"
  
  xml2js@0.4.17:
    version "0.4.17"
    resolved "https://registry.yarnpkg.com/xml2js/-/xml2js-0.4.17.tgz#17be93eaae3f3b779359c795b419705a8817e868"
    dependencies:
      sax ">=0.6.0"
      xmlbuilder "^4.1.0"
  
  xmlbuilder@4.2.1, xmlbuilder@^4.1.0:
    version "4.2.1"
    resolved "https://registry.yarnpkg.com/xmlbuilder/-/xmlbuilder-4.2.1.tgz#aa58a3041a066f90eaa16c2f5389ff19f3f461a5"
    dependencies:
      lodash "^4.0.0"

Trace: 
  Error: canceled
      at Interface.<anonymous> (/home/benjamin/.asdf/installs/nodejs/6.11.3/.npm/lib/node_modules/yarn/lib/cli.js:120971:13)
      at emitNone (events.js:86:13)
      at Interface.emit (events.js:185:7)
      at Interface._ttyWrite (readline.js:725:16)
      at ReadStream.onkeypress (readline.js:120:10)
      at emitTwo (events.js:106:13)
      at ReadStream.emit (events.js:191:7)
      at emitKeys (internal/readline.js:389:14)
      at next (native)
      at ReadStream.onData (readline.js:971:36)
